<?xml version="1.0" encoding="UTF-8"?>
<testng-results ignored="0" total="4" passed="4" failed="0" skipped="0">
  <reporter-output>
  </reporter-output>
  <suite started-at="2024-08-21T12:46:31 IST" name="Default suite" finished-at="2024-08-21T12:47:18 IST" duration-ms="46816">
    <groups>
    </groups>
    <test started-at="2024-08-21T12:46:31 IST" name="Default test" finished-at="2024-08-21T12:47:18 IST" duration-ms="46816">
      <class name="demoblaze.DemoblazeRunner">
        <test-method is-config="true" signature="setup()[pri:0, instance:demoblaze.DemoblazeRunner@350aac89]" started-at="2024-08-21T12:46:31 IST" name="setup" finished-at="2024-08-21T12:46:35 IST" duration-ms="3672" status="PASS">
          <reporter-output>
          </reporter-output>
        </test-method> <!-- setup -->
        <test-method signature="tc1_addIphoneToCart()[pri:0, instance:demoblaze.DemoblazeRunner@350aac89]" started-at="2024-08-21T12:46:35 IST" name="tc1_addIphoneToCart" finished-at="2024-08-21T12:46:48 IST" duration-ms="12717" status="PASS">
          <reporter-output>
          </reporter-output>
        </test-method> <!-- tc1_addIphoneToCart -->
        <test-method signature="tc2_addNexusToCart()[pri:0, instance:demoblaze.DemoblazeRunner@350aac89]" started-at="2024-08-21T12:46:48 IST" name="tc2_addNexusToCart" finished-at="2024-08-21T12:46:59 IST" depends-on-methods="demoblaze.DemoblazeRunner.tc1_addIphoneToCart" duration-ms="11446" status="PASS">
          <reporter-output>
          </reporter-output>
        </test-method> <!-- tc2_addNexusToCart -->
        <test-method signature="tc3_addNokiaToCart()[pri:0, instance:demoblaze.DemoblazeRunner@350aac89]" started-at="2024-08-21T12:46:59 IST" name="tc3_addNokiaToCart" finished-at="2024-08-21T12:47:10 IST" depends-on-methods="demoblaze.DemoblazeRunner.tc2_addNexusToCart" duration-ms="10895" status="PASS">
          <reporter-output>
          </reporter-output>
        </test-method> <!-- tc3_addNokiaToCart -->
        <test-method signature="tc4_deleteFirstProductAndPlaceOrder()[pri:0, instance:demoblaze.DemoblazeRunner@350aac89]" started-at="2024-08-21T12:47:10 IST" name="tc4_deleteFirstProductAndPlaceOrder" finished-at="2024-08-21T12:47:18 IST" depends-on-methods="demoblaze.DemoblazeRunner.tc3_addNokiaToCart" duration-ms="7996" status="PASS">
          <reporter-output>
          </reporter-output>
        </test-method> <!-- tc4_deleteFirstProductAndPlaceOrder -->
      </class> <!-- demoblaze.DemoblazeRunner -->
    </test> <!-- Default test -->
  </suite> <!-- Default suite -->
</testng-results>
